[2025-07-30 23:48:53] Task: sort_downloads
Script: sort_downloads\sort-downloads.ps1
Schedule: daily
Status: Success
Output:
Loading rules from: C:\Scripts\sort_downloads\rules.json Downloads folder: C:\Users\HYPE AMD\Downloads Downloads folder exists: True Total files found: 0 No files to process - Downloads folder is empty
================================================================================

[2025-07-30 23:49:36] Task: sort_downloads
Script: sort_downloads\sort-downloads.ps1
Schedule: daily
Status: Success
Output:
Loading rules from: C:\Scripts\sort_downloads\rules.json Downloads folder: C:\Users\HYPE AMD\Downloads Downloads folder exists: True Total files found: 1  Starting to apply rules...  --- Processing folder: Images ---   Target folder: C:\Users\HYPE AMD\Downloads\Images   Found 1 files matching pattern: *.jpg     Moving: 14(1).jpg       Success: moved to Images   Total moved to Images: 1 files  ======================================== EXECUTION SUMMARY ======================================== Total files organized: 1  Breakdown by folder:   - Images: 1 files  Task completed successfully
================================================================================

[2025-07-30 23:53:27] Task: sort_downloads
Script: sort_downloads\sort-downloads.ps1
Schedule: daily
Status: Success
Output:
Loading rules from: C:\Scripts\sort_downloads\rules.json
Downloads folder: C:\Users\HYPE AMD\Downloads
Downloads folder exists: True
Total files found: 0
No files to process - Downloads folder is empty

================================================================================
